{"/Users/nobeebuxh/Desktop/[BOOTCAMP] Programming/week-5/cheese-project/cheese-boards/db/db.js": {"path":"/Users/nobeebuxh/Desktop/[BOOTCAMP] Programming/week-5/cheese-project/cheese-boards/db/db.js","statementMap":{"0":{"start":{"line":1,"column":22},"end":{"line":1,"column":42}},"1":{"start":{"line":2,"column":13},"end":{"line":2,"column":28}},"2":{"start":{"line":4,"column":11},"end":{"line":8,"column":2}},"3":{"start":{"line":10,"column":0},"end":{"line":10,"column":19}}},"fnMap":{},"branchMap":{},"s":{"0":3,"1":3,"2":3,"3":3},"f":{},"b":{},"_coverageSchema":"1a1c01bbd47fc00a2c39e90264f33305004495a9","hash":"70e1d950de4789e20344b3f97ffaa9891b413dc2"}
,"/Users/nobeebuxh/Desktop/[BOOTCAMP] Programming/week-5/cheese-project/cheese-boards/models/board.model.js": {"path":"/Users/nobeebuxh/Desktop/[BOOTCAMP] Programming/week-5/cheese-project/cheese-boards/models/board.model.js","statementMap":{"0":{"start":{"line":1,"column":27},"end":{"line":1,"column":47}},"1":{"start":{"line":2,"column":11},"end":{"line":2,"column":30}},"2":{"start":{"line":6,"column":0},"end":{"line":20,"column":2}},"3":{"start":{"line":22,"column":0},"end":{"line":22,"column":22}}},"fnMap":{},"branchMap":{},"s":{"0":3,"1":3,"2":3,"3":3},"f":{},"b":{},"_coverageSchema":"1a1c01bbd47fc00a2c39e90264f33305004495a9","hash":"ccf714efc17247f593c6778515e0afde7e24e48b"}
,"/Users/nobeebuxh/Desktop/[BOOTCAMP] Programming/week-5/cheese-project/cheese-boards/models/cheese.model.js": {"path":"/Users/nobeebuxh/Desktop/[BOOTCAMP] Programming/week-5/cheese-project/cheese-boards/models/cheese.model.js","statementMap":{"0":{"start":{"line":1,"column":27},"end":{"line":1,"column":47}},"1":{"start":{"line":2,"column":11},"end":{"line":2,"column":30}},"2":{"start":{"line":6,"column":0},"end":{"line":18,"column":2}},"3":{"start":{"line":20,"column":0},"end":{"line":20,"column":23}}},"fnMap":{},"branchMap":{},"s":{"0":3,"1":3,"2":3,"3":3},"f":{},"b":{},"_coverageSchema":"1a1c01bbd47fc00a2c39e90264f33305004495a9","hash":"862f1418ea4517b952ed02111388f86019263950"}
,"/Users/nobeebuxh/Desktop/[BOOTCAMP] Programming/week-5/cheese-project/cheese-boards/models/index.js": {"path":"/Users/nobeebuxh/Desktop/[BOOTCAMP] Programming/week-5/cheese-project/cheese-boards/models/index.js","statementMap":{"0":{"start":{"line":1,"column":14},"end":{"line":1,"column":38}},"1":{"start":{"line":2,"column":15},"end":{"line":2,"column":40}},"2":{"start":{"line":3,"column":13},"end":{"line":3,"column":36}},"3":{"start":{"line":7,"column":0},"end":{"line":7,"column":19}},"4":{"start":{"line":8,"column":0},"end":{"line":8,"column":21}},"5":{"start":{"line":14,"column":0},"end":{"line":14,"column":54}},"6":{"start":{"line":15,"column":0},"end":{"line":15,"column":54}},"7":{"start":{"line":18,"column":16},"end":{"line":18,"column":72}},"8":{"start":{"line":20,"column":0},"end":{"line":20,"column":38}}},"fnMap":{},"branchMap":{},"s":{"0":3,"1":3,"2":3,"3":3,"4":3,"5":3,"6":3,"7":3,"8":3},"f":{},"b":{},"_coverageSchema":"1a1c01bbd47fc00a2c39e90264f33305004495a9","hash":"25f01ae38b17e3141107b7ab6348d7aa368c9b25"}
,"/Users/nobeebuxh/Desktop/[BOOTCAMP] Programming/week-5/cheese-project/cheese-boards/models/user.model.js": {"path":"/Users/nobeebuxh/Desktop/[BOOTCAMP] Programming/week-5/cheese-project/cheese-boards/models/user.model.js","statementMap":{"0":{"start":{"line":1,"column":27},"end":{"line":1,"column":47}},"1":{"start":{"line":2,"column":11},"end":{"line":2,"column":30}},"2":{"start":{"line":6,"column":0},"end":{"line":22,"column":2}},"3":{"start":{"line":24,"column":0},"end":{"line":24,"column":21}}},"fnMap":{},"branchMap":{},"s":{"0":3,"1":3,"2":3,"3":3},"f":{},"b":{},"_coverageSchema":"1a1c01bbd47fc00a2c39e90264f33305004495a9","hash":"d6783c16d2532d98d51a1ff5adeb4e86b2f07c7d"}
}
