{"/Users/nobeebuxh/Desktop/[BOOTCAMP] Programming/week-5/cheese-project/cheese-boards/db/db.js": {"path":"/Users/nobeebuxh/Desktop/[BOOTCAMP] Programming/week-5/cheese-project/cheese-boards/db/db.js","statementMap":{"0":{"start":{"line":1,"column":22},"end":{"line":1,"column":42}},"1":{"start":{"line":2,"column":13},"end":{"line":2,"column":28}},"2":{"start":{"line":4,"column":11},"end":{"line":8,"column":2}},"3":{"start":{"line":10,"column":0},"end":{"line":10,"column":19}}},"fnMap":{},"branchMap":{},"s":{"0":1,"1":1,"2":1,"3":1},"f":{},"b":{},"_coverageSchema":"1a1c01bbd47fc00a2c39e90264f33305004495a9","hash":"70e1d950de4789e20344b3f97ffaa9891b413dc2"}
,"/Users/nobeebuxh/Desktop/[BOOTCAMP] Programming/week-5/cheese-project/cheese-boards/db/seed.js": {"path":"/Users/nobeebuxh/Desktop/[BOOTCAMP] Programming/week-5/cheese-project/cheese-boards/db/seed.js","statementMap":{"0":{"start":{"line":3,"column":32},"end":{"line":3,"column":52}},"1":{"start":{"line":4,"column":11},"end":{"line":4,"column":26}},"2":{"start":{"line":10,"column":4},"end":{"line":12,"column":6}},"3":{"start":{"line":14,"column":4},"end":{"line":22,"column":6}},"4":{"start":{"line":24,"column":4},"end":{"line":30,"column":6}},"5":{"start":{"line":32,"column":4},"end":{"line":40,"column":6}},"6":{"start":{"line":51,"column":0},"end":{"line":51,"column":21}}},"fnMap":{"0":{"name":"seed","decl":{"start":{"line":9,"column":15},"end":{"line":9,"column":19}},"loc":{"start":{"line":9,"column":23},"end":{"line":43,"column":1}},"line":9}},"branchMap":{},"s":{"0":1,"1":1,"2":15,"3":15,"4":15,"5":15,"6":1},"f":{"0":15},"b":{},"_coverageSchema":"1a1c01bbd47fc00a2c39e90264f33305004495a9","hash":"7d73c877fdc1c836c187e06cfc9b8482fce09777"}
,"/Users/nobeebuxh/Desktop/[BOOTCAMP] Programming/week-5/cheese-project/cheese-boards/models/board.model.js": {"path":"/Users/nobeebuxh/Desktop/[BOOTCAMP] Programming/week-5/cheese-project/cheese-boards/models/board.model.js","statementMap":{"0":{"start":{"line":1,"column":27},"end":{"line":1,"column":47}},"1":{"start":{"line":2,"column":11},"end":{"line":2,"column":30}},"2":{"start":{"line":6,"column":0},"end":{"line":20,"column":2}},"3":{"start":{"line":22,"column":0},"end":{"line":22,"column":22}}},"fnMap":{},"branchMap":{},"s":{"0":1,"1":1,"2":1,"3":1},"f":{},"b":{},"_coverageSchema":"1a1c01bbd47fc00a2c39e90264f33305004495a9","hash":"ccf714efc17247f593c6778515e0afde7e24e48b"}
,"/Users/nobeebuxh/Desktop/[BOOTCAMP] Programming/week-5/cheese-project/cheese-boards/models/cheese.model.js": {"path":"/Users/nobeebuxh/Desktop/[BOOTCAMP] Programming/week-5/cheese-project/cheese-boards/models/cheese.model.js","statementMap":{"0":{"start":{"line":1,"column":27},"end":{"line":1,"column":47}},"1":{"start":{"line":2,"column":11},"end":{"line":2,"column":30}},"2":{"start":{"line":6,"column":0},"end":{"line":18,"column":2}},"3":{"start":{"line":20,"column":0},"end":{"line":20,"column":23}}},"fnMap":{},"branchMap":{},"s":{"0":1,"1":1,"2":1,"3":1},"f":{},"b":{},"_coverageSchema":"1a1c01bbd47fc00a2c39e90264f33305004495a9","hash":"862f1418ea4517b952ed02111388f86019263950"}
,"/Users/nobeebuxh/Desktop/[BOOTCAMP] Programming/week-5/cheese-project/cheese-boards/models/index.js": {"path":"/Users/nobeebuxh/Desktop/[BOOTCAMP] Programming/week-5/cheese-project/cheese-boards/models/index.js","statementMap":{"0":{"start":{"line":1,"column":14},"end":{"line":1,"column":38}},"1":{"start":{"line":2,"column":15},"end":{"line":2,"column":40}},"2":{"start":{"line":3,"column":13},"end":{"line":3,"column":36}},"3":{"start":{"line":7,"column":0},"end":{"line":7,"column":19}},"4":{"start":{"line":8,"column":0},"end":{"line":8,"column":21}},"5":{"start":{"line":14,"column":0},"end":{"line":14,"column":54}},"6":{"start":{"line":15,"column":0},"end":{"line":15,"column":54}},"7":{"start":{"line":19,"column":0},"end":{"line":19,"column":38}}},"fnMap":{},"branchMap":{},"s":{"0":1,"1":1,"2":1,"3":1,"4":1,"5":1,"6":1,"7":1},"f":{},"b":{},"_coverageSchema":"1a1c01bbd47fc00a2c39e90264f33305004495a9","hash":"6bdc440e175fe90dc52832882091072d4f5d3e76"}
,"/Users/nobeebuxh/Desktop/[BOOTCAMP] Programming/week-5/cheese-project/cheese-boards/models/user.model.js": {"path":"/Users/nobeebuxh/Desktop/[BOOTCAMP] Programming/week-5/cheese-project/cheese-boards/models/user.model.js","statementMap":{"0":{"start":{"line":1,"column":27},"end":{"line":1,"column":47}},"1":{"start":{"line":2,"column":11},"end":{"line":2,"column":30}},"2":{"start":{"line":6,"column":0},"end":{"line":23,"column":2}},"3":{"start":{"line":25,"column":0},"end":{"line":25,"column":21}}},"fnMap":{},"branchMap":{},"s":{"0":1,"1":1,"2":1,"3":1},"f":{},"b":{},"_coverageSchema":"1a1c01bbd47fc00a2c39e90264f33305004495a9","hash":"70b786796ab876d31b1e3c69fbe131b9ae1ef578"}
}
