TN:
SF:db/db.js
FNF:0
FNH:0
DA:1,3
DA:2,3
DA:4,3
DA:10,3
LF:4
LH:4
BRF:0
BRH:0
end_of_record
TN:
SF:models/board.model.js
FNF:0
FNH:0
DA:1,3
DA:2,3
DA:6,3
DA:22,3
LF:4
LH:4
BRF:0
BRH:0
end_of_record
TN:
SF:models/cheese.model.js
FNF:0
FNH:0
DA:1,3
DA:2,3
DA:6,3
DA:20,3
LF:4
LH:4
BRF:0
BRH:0
end_of_record
TN:
SF:models/index.js
FNF:0
FNH:0
DA:1,3
DA:2,3
DA:3,3
DA:7,3
DA:8,3
DA:14,3
DA:15,3
DA:18,3
DA:20,3
LF:9
LH:9
BRF:0
BRH:0
end_of_record
TN:
SF:models/user.model.js
FNF:0
FNH:0
DA:1,3
DA:2,3
DA:6,3
DA:24,3
LF:4
LH:4
BRF:0
BRH:0
end_of_record
