TN:
SF:db/db.js
FNF:0
FNH:0
DA:1,1
DA:2,1
DA:4,1
DA:10,1
LF:4
LH:4
BRF:0
BRH:0
end_of_record
TN:
SF:db/seed.js
FN:9,seed
FNF:1
FNH:1
FNDA:15,seed
DA:3,1
DA:4,1
DA:10,15
DA:14,15
DA:24,15
DA:32,15
DA:51,1
LF:7
LH:7
BRF:0
BRH:0
end_of_record
TN:
SF:models/board.model.js
FNF:0
FNH:0
DA:1,1
DA:2,1
DA:6,1
DA:22,1
LF:4
LH:4
BRF:0
BRH:0
end_of_record
TN:
SF:models/cheese.model.js
FNF:0
FNH:0
DA:1,1
DA:2,1
DA:6,1
DA:20,1
LF:4
LH:4
BRF:0
BRH:0
end_of_record
TN:
SF:models/index.js
FNF:0
FNH:0
DA:1,1
DA:2,1
DA:3,1
DA:7,1
DA:8,1
DA:14,1
DA:15,1
DA:19,1
LF:8
LH:8
BRF:0
BRH:0
end_of_record
TN:
SF:models/user.model.js
FNF:0
FNH:0
DA:1,1
DA:2,1
DA:6,1
DA:25,1
LF:4
LH:4
BRF:0
BRH:0
end_of_record
